<?xml version="1.0" encoding="UTF-8"?>
<!-- Generated by org.testng.reporters.JUnitXMLReporter -->
<testsuite ignored="0" hostname="SFT34" failures="0" tests="3" name="Default test" time="71.802" errors="0" timestamp="2024-10-11T16:30:26 IST">
  <testcase classname="Appium_Framework.Appium_Framework.GeneralStore_TC_1" name="fillingForm" time="16.517"/>
  <testcase classname="Appium_Framework.Appium_Framework.GeneralStore_TC_1" name="addItemToCart" time="3.747"/>
  <testcase classname="Appium_Framework.Appium_Framework.GeneralStore_TC_1" name="cartPage" time="8.525"/>
</testsuite> <!-- Default test -->
